[INFO] Output configured: src-gen
[INFO] Output result: N:\git\geckoprojects\geckoprojectsorg.geckoprojects.emf\org.gecko.emf.osgi.example.model.manual\src-gen
[INFO] Running for genmodel model/manual.genmodel in N:\git\geckoprojects\geckoprojectsorg.geckoprojects.emf\org.gecko.emf.osgi.example.model.manual
[INFO] Asked to handle resource://org.gecko.emf.osgi.example.model.manual/model/manual.genmodel
[INFO] Asked for content Descriptor resource://org.gecko.emf.osgi.example.model.manual/model/manual.genmodel
[INFO] Asked to handle resource://org.gecko.emf.osgi.example.model.manual/model/manual.genmodel
[INFO] Asked to open InputStream for resource://org.gecko.emf.osgi.example.model.manual/model/manual.genmodel
[INFO] sanatized uri resource://org.gecko.emf.osgi.example.model.manual/model/manual.genmodel
[INFO] bsn according to URIorg.gecko.emf.osgi.example.model.manual
[INFO] The bsn segment part fits to: org.gecko.emf.osgi.example.model.manual
[INFO] Configuring Jet
[INFO] Asked to handle resource://org.gecko.emf.osgi.example.model.manual/model/manual.ecore
[INFO] Asked for content Descriptor resource://org.gecko.emf.osgi.example.model.manual/model/manual.ecore
[INFO] Asked to handle resource://org.gecko.emf.osgi.example.model.manual/model/manual.ecore
[INFO] Asked to open InputStream for resource://org.gecko.emf.osgi.example.model.manual/model/manual.ecore
[INFO] sanatized uri resource://org.gecko.emf.osgi.example.model.manual/model/manual.ecore
[INFO] bsn according to URIorg.gecko.emf.osgi.example.model.manual
[INFO] The bsn segment part fits to: org.gecko.emf.osgi.example.model.manual
[INFO] subtask Generating code
[INFO] internaly worked 0.2 on null
[INFO] internaly worked 0.2 on null
[INFO] internaly worked 0.6 on null
[INFO] subtask 
[INFO] subtask Generating Code for ManualPackage
[INFO] internaly worked 1.0 on null
[INFO] subtask 
[INFO] subtask Generating Java class org.gecko.emf.osgi.example.model.manual.util.ManualResourceImpl
[INFO] subtask Generating /org.gecko.emf.osgi.example.model.manual/src-gen/org/gecko/emf/osgi/example/model/manual/util/ManualResourceImpl.java
[INFO] internaly worked 1.0 on null
[INFO] subtask 
[INFO] Asked to handle resource://org.gecko.emf.osgi.example.model.manual/../org.eclipse.emf.ecore/model/Ecore.genmodel
[INFO] Asked for content Descriptor resource://org.gecko.emf.osgi.example.model.manual/../org.eclipse.emf.ecore/model/Ecore.genmodel
[INFO] Asked to handle resource://org.gecko.emf.osgi.example.model.manual/../org.eclipse.emf.ecore/model/Ecore.genmodel
[INFO] Asked to open InputStream for resource://org.gecko.emf.osgi.example.model.manual/../org.eclipse.emf.ecore/model/Ecore.genmodel
[INFO] sanatized uri resource://org.eclipse.emf.ecore/model/Ecore.genmodel
[INFO] bsn according to URIorg.eclipse.emf.ecore
[INFO] Comparing org.eclipse.emf.ecorewith container using getBSN() org.osgi.annotation.bundle
[INFO] Comparing org.eclipse.emf.ecorewith container using getBSN() org.eclipse.emf.common
[INFO] Comparing org.eclipse.emf.ecorewith container using getBSN() org.osgi.framework
[INFO] Comparing org.eclipse.emf.ecorewith container using getBSN() org.osgi.service.component.annotations
[INFO] Comparing org.eclipse.emf.ecorewith container using getBSN() org.osgi.service.metatype.annotations
[INFO] Comparing org.eclipse.emf.ecorewith container using getBSN() org.osgi.annotation.versioning
[INFO] Could not parse BSN from N:/git/geckoprojects/geckoprojectsorg.geckoprojects.emf/org.gecko.emf.osgi/bin. Error was N:\git\geckoprojects\geckoprojectsorg.geckoprojects.emf\org.gecko.emf.osgi\bin. Returning org.gecko.emf.osgi
[INFO] Comparing org.eclipse.emf.ecorewith container using getBSN() org.gecko.emf.osgi
[INFO] Comparing org.eclipse.emf.ecorewith container using getBSN() org.eclipse.emf.ecore
[INFO] Match in C:/Users/ungei/.m2/repository/org/eclipse/emf/org.eclipse.emf.ecore/2.25.0/org.eclipse.emf.ecore-2.25.0.jar
[INFO] comparing URIs resource://org.eclipse.emf.ecore/model/DateConversionDelegateAnnotation.ecore with the requested resource://org.eclipse.emf.ecore/model/Ecore.genmodel
[INFO] comparing URIs resource://org.eclipse.emf.ecore/model/Ecore.ecore with the requested resource://org.eclipse.emf.ecore/model/Ecore.genmodel
[INFO] comparing URIs resource://org.eclipse.emf.ecore/model/Ecore.genmodel with the requested resource://org.eclipse.emf.ecore/model/Ecore.genmodel
[INFO] Asked to handle resource://org.gecko.emf.osgi.example.model.manual/../org.eclipse.emf.ecore/model/Ecore.ecore
[INFO] Asked for content Descriptor resource://org.gecko.emf.osgi.example.model.manual/../org.eclipse.emf.ecore/model/Ecore.ecore
[INFO] Asked to handle resource://org.gecko.emf.osgi.example.model.manual/../org.eclipse.emf.ecore/model/Ecore.ecore
[INFO] Asked to open InputStream for resource://org.gecko.emf.osgi.example.model.manual/../org.eclipse.emf.ecore/model/Ecore.ecore
[INFO] sanatized uri resource://org.eclipse.emf.ecore/model/Ecore.ecore
[INFO] bsn according to URIorg.eclipse.emf.ecore
[INFO] Comparing org.eclipse.emf.ecorewith container using getBSN() org.osgi.annotation.bundle
[INFO] Comparing org.eclipse.emf.ecorewith container using getBSN() org.eclipse.emf.common
[INFO] Comparing org.eclipse.emf.ecorewith container using getBSN() org.osgi.framework
[INFO] Comparing org.eclipse.emf.ecorewith container using getBSN() org.osgi.service.component.annotations
[INFO] Comparing org.eclipse.emf.ecorewith container using getBSN() org.osgi.service.metatype.annotations
[INFO] Comparing org.eclipse.emf.ecorewith container using getBSN() org.osgi.annotation.versioning
[INFO] Could not parse BSN from N:/git/geckoprojects/geckoprojectsorg.geckoprojects.emf/org.gecko.emf.osgi/bin. Error was N:\git\geckoprojects\geckoprojectsorg.geckoprojects.emf\org.gecko.emf.osgi\bin. Returning org.gecko.emf.osgi
[INFO] Comparing org.eclipse.emf.ecorewith container using getBSN() org.gecko.emf.osgi
[INFO] Comparing org.eclipse.emf.ecorewith container using getBSN() org.eclipse.emf.ecore
[INFO] Match in C:/Users/ungei/.m2/repository/org/eclipse/emf/org.eclipse.emf.ecore/2.25.0/org.eclipse.emf.ecore-2.25.0.jar
[INFO] comparing URIs resource://org.eclipse.emf.ecore/model/DateConversionDelegateAnnotation.ecore with the requested resource://org.eclipse.emf.ecore/model/Ecore.ecore
[INFO] comparing URIs resource://org.eclipse.emf.ecore/model/Ecore.ecore with the requested resource://org.eclipse.emf.ecore/model/Ecore.ecore
[INFO] Asked to handle platform:/resource/org.gecko.emf.osgi.example.model.manual/src-gen/org/gecko/emf/osgi/example/model/manual/util/ManualResourceImpl.java
[INFO] Asked if exists platform:/resource/org.gecko.emf.osgi.example.model.manual/src-gen/org/gecko/emf/osgi/example/model/manual/util/ManualResourceImpl.java
[INFO] Sanatized platform:/resource/org.gecko.emf.osgi.example.model.manual/src-gen/org/gecko/emf/osgi/example/model/manual/util/ManualResourceImpl.java
[INFO] Asked to handle platform:/resource/org.gecko.emf.osgi.example.model.manual/src-gen/org/gecko/emf/osgi/example/model/manual/util/ManualResourceImpl.java
[INFO] Asked to open InputStream for platform:/resource/org.gecko.emf.osgi.example.model.manual/src-gen/org/gecko/emf/osgi/example/model/manual/util/ManualResourceImpl.java
[INFO] sanatized uri resource://org.gecko.emf.osgi.example.model.manual/src-gen/org/gecko/emf/osgi/example/model/manual/util/ManualResourceImpl.java
[INFO] bsn according to URIorg.gecko.emf.osgi.example.model.manual
[INFO] The bsn segment part fits to: org.gecko.emf.osgi.example.model.manual
[INFO] subtask Preparing new /org.gecko.emf.osgi.example.model.manual/src-gen/org/gecko/emf/osgi/example/model/manual/util/ManualResourceImpl.java
[INFO] Asked to handle platform:/resource/org.gecko.emf.osgi.example.model.manual/src-gen/org/gecko/emf/osgi/example/model/manual/util/ManualResourceImpl.java
[INFO] Asked to open OutputStream for platform:/resource/org.gecko.emf.osgi.example.model.manual/src-gen/org/gecko/emf/osgi/example/model/manual/util/ManualResourceImpl.java
[INFO] Sanatized resource://org.gecko.emf.osgi.example.model.manual/src-gen/org/gecko/emf/osgi/example/model/manual/util/ManualResourceImpl.java
[INFO] Opening file N:\git\geckoprojects\geckoprojectsorg.geckoprojects.emf\org.gecko.emf.osgi.example.model.manual\src-gen\org\gecko\emf\osgi\example\model\manual\util\ManualResourceImpl.java
[INFO] subtask Generating Java interface org.gecko.emf.osgi.example.model.manual.ManualPackage
[INFO] subtask Generating /org.gecko.emf.osgi.example.model.manual/src-gen/org/gecko/emf/osgi/example/model/manual/ManualPackage.java
[INFO] internaly worked 1.0 on null
[INFO] subtask 
[INFO] Asked to handle platform:/resource/org.gecko.emf.osgi.example.model.manual/src-gen/org/gecko/emf/osgi/example/model/manual/ManualPackage.java
[INFO] Asked if exists platform:/resource/org.gecko.emf.osgi.example.model.manual/src-gen/org/gecko/emf/osgi/example/model/manual/ManualPackage.java
[INFO] Sanatized platform:/resource/org.gecko.emf.osgi.example.model.manual/src-gen/org/gecko/emf/osgi/example/model/manual/ManualPackage.java
[INFO] Asked to handle platform:/resource/org.gecko.emf.osgi.example.model.manual/src-gen/org/gecko/emf/osgi/example/model/manual/ManualPackage.java
[INFO] Asked to open InputStream for platform:/resource/org.gecko.emf.osgi.example.model.manual/src-gen/org/gecko/emf/osgi/example/model/manual/ManualPackage.java
[INFO] sanatized uri resource://org.gecko.emf.osgi.example.model.manual/src-gen/org/gecko/emf/osgi/example/model/manual/ManualPackage.java
[INFO] bsn according to URIorg.gecko.emf.osgi.example.model.manual
[INFO] The bsn segment part fits to: org.gecko.emf.osgi.example.model.manual
[INFO] subtask Preparing new /org.gecko.emf.osgi.example.model.manual/src-gen/org/gecko/emf/osgi/example/model/manual/ManualPackage.java
[INFO] Asked to handle platform:/resource/org.gecko.emf.osgi.example.model.manual/src-gen/org/gecko/emf/osgi/example/model/manual/ManualPackage.java
[INFO] Asked to open OutputStream for platform:/resource/org.gecko.emf.osgi.example.model.manual/src-gen/org/gecko/emf/osgi/example/model/manual/ManualPackage.java
[INFO] Sanatized resource://org.gecko.emf.osgi.example.model.manual/src-gen/org/gecko/emf/osgi/example/model/manual/ManualPackage.java
[INFO] Opening file N:\git\geckoprojects\geckoprojectsorg.geckoprojects.emf\org.gecko.emf.osgi.example.model.manual\src-gen\org\gecko\emf\osgi\example\model\manual\ManualPackage.java
[INFO] subtask Generating Java class org.gecko.emf.osgi.example.model.manual.impl.ManualPackageImpl
[INFO] subtask Generating /org.gecko.emf.osgi.example.model.manual/src-gen/org/gecko/emf/osgi/example/model/manual/impl/ManualPackageImpl.java
[INFO] internaly worked 1.0 on null
[INFO] subtask 
[INFO] Asked to handle platform:/resource/org.gecko.emf.osgi.example.model.manual/src-gen/org/gecko/emf/osgi/example/model/manual/impl/ManualPackageImpl.java
[INFO] Asked if exists platform:/resource/org.gecko.emf.osgi.example.model.manual/src-gen/org/gecko/emf/osgi/example/model/manual/impl/ManualPackageImpl.java
[INFO] Sanatized platform:/resource/org.gecko.emf.osgi.example.model.manual/src-gen/org/gecko/emf/osgi/example/model/manual/impl/ManualPackageImpl.java
[INFO] Asked to handle platform:/resource/org.gecko.emf.osgi.example.model.manual/src-gen/org/gecko/emf/osgi/example/model/manual/impl/ManualPackageImpl.java
[INFO] Asked to open InputStream for platform:/resource/org.gecko.emf.osgi.example.model.manual/src-gen/org/gecko/emf/osgi/example/model/manual/impl/ManualPackageImpl.java
[INFO] sanatized uri resource://org.gecko.emf.osgi.example.model.manual/src-gen/org/gecko/emf/osgi/example/model/manual/impl/ManualPackageImpl.java
[INFO] bsn according to URIorg.gecko.emf.osgi.example.model.manual
[INFO] The bsn segment part fits to: org.gecko.emf.osgi.example.model.manual
[INFO] subtask Preparing new /org.gecko.emf.osgi.example.model.manual/src-gen/org/gecko/emf/osgi/example/model/manual/impl/ManualPackageImpl.java
[INFO] Asked to handle platform:/resource/org.gecko.emf.osgi.example.model.manual/src-gen/org/gecko/emf/osgi/example/model/manual/impl/ManualPackageImpl.java
[INFO] Asked to open OutputStream for platform:/resource/org.gecko.emf.osgi.example.model.manual/src-gen/org/gecko/emf/osgi/example/model/manual/impl/ManualPackageImpl.java
[INFO] Sanatized resource://org.gecko.emf.osgi.example.model.manual/src-gen/org/gecko/emf/osgi/example/model/manual/impl/ManualPackageImpl.java
[INFO] Opening file N:\git\geckoprojects\geckoprojectsorg.geckoprojects.emf\org.gecko.emf.osgi.example.model.manual\src-gen\org\gecko\emf\osgi\example\model\manual\impl\ManualPackageImpl.java
[INFO] subtask Generating Java interface org.gecko.emf.osgi.example.model.manual.ManualFactory
[INFO] subtask Generating /org.gecko.emf.osgi.example.model.manual/src-gen/org/gecko/emf/osgi/example/model/manual/ManualFactory.java
[INFO] internaly worked 1.0 on null
[INFO] subtask 
[INFO] Asked to handle platform:/resource/org.gecko.emf.osgi.example.model.manual/src-gen/org/gecko/emf/osgi/example/model/manual/ManualFactory.java
[INFO] Asked if exists platform:/resource/org.gecko.emf.osgi.example.model.manual/src-gen/org/gecko/emf/osgi/example/model/manual/ManualFactory.java
[INFO] Sanatized platform:/resource/org.gecko.emf.osgi.example.model.manual/src-gen/org/gecko/emf/osgi/example/model/manual/ManualFactory.java
[INFO] Asked to handle platform:/resource/org.gecko.emf.osgi.example.model.manual/src-gen/org/gecko/emf/osgi/example/model/manual/ManualFactory.java
[INFO] Asked to open InputStream for platform:/resource/org.gecko.emf.osgi.example.model.manual/src-gen/org/gecko/emf/osgi/example/model/manual/ManualFactory.java
[INFO] sanatized uri resource://org.gecko.emf.osgi.example.model.manual/src-gen/org/gecko/emf/osgi/example/model/manual/ManualFactory.java
[INFO] bsn according to URIorg.gecko.emf.osgi.example.model.manual
[INFO] The bsn segment part fits to: org.gecko.emf.osgi.example.model.manual
[INFO] subtask Preparing new /org.gecko.emf.osgi.example.model.manual/src-gen/org/gecko/emf/osgi/example/model/manual/ManualFactory.java
[INFO] Asked to handle platform:/resource/org.gecko.emf.osgi.example.model.manual/src-gen/org/gecko/emf/osgi/example/model/manual/ManualFactory.java
[INFO] Asked to open OutputStream for platform:/resource/org.gecko.emf.osgi.example.model.manual/src-gen/org/gecko/emf/osgi/example/model/manual/ManualFactory.java
[INFO] Sanatized resource://org.gecko.emf.osgi.example.model.manual/src-gen/org/gecko/emf/osgi/example/model/manual/ManualFactory.java
[INFO] Opening file N:\git\geckoprojects\geckoprojectsorg.geckoprojects.emf\org.gecko.emf.osgi.example.model.manual\src-gen\org\gecko\emf\osgi\example\model\manual\ManualFactory.java
[INFO] subtask Generating Java class org.gecko.emf.osgi.example.model.manual.impl.ManualFactoryImpl
[INFO] subtask Generating /org.gecko.emf.osgi.example.model.manual/src-gen/org/gecko/emf/osgi/example/model/manual/impl/ManualFactoryImpl.java
[INFO] internaly worked 1.0 on null
[INFO] subtask 
[INFO] Asked to handle platform:/resource/org.gecko.emf.osgi.example.model.manual/src-gen/org/gecko/emf/osgi/example/model/manual/impl/ManualFactoryImpl.java
[INFO] Asked if exists platform:/resource/org.gecko.emf.osgi.example.model.manual/src-gen/org/gecko/emf/osgi/example/model/manual/impl/ManualFactoryImpl.java
[INFO] Sanatized platform:/resource/org.gecko.emf.osgi.example.model.manual/src-gen/org/gecko/emf/osgi/example/model/manual/impl/ManualFactoryImpl.java
[INFO] Asked to handle platform:/resource/org.gecko.emf.osgi.example.model.manual/src-gen/org/gecko/emf/osgi/example/model/manual/impl/ManualFactoryImpl.java
[INFO] Asked to open InputStream for platform:/resource/org.gecko.emf.osgi.example.model.manual/src-gen/org/gecko/emf/osgi/example/model/manual/impl/ManualFactoryImpl.java
[INFO] sanatized uri resource://org.gecko.emf.osgi.example.model.manual/src-gen/org/gecko/emf/osgi/example/model/manual/impl/ManualFactoryImpl.java
[INFO] bsn according to URIorg.gecko.emf.osgi.example.model.manual
[INFO] The bsn segment part fits to: org.gecko.emf.osgi.example.model.manual
[INFO] subtask Preparing new /org.gecko.emf.osgi.example.model.manual/src-gen/org/gecko/emf/osgi/example/model/manual/impl/ManualFactoryImpl.java
[INFO] Asked to handle platform:/resource/org.gecko.emf.osgi.example.model.manual/src-gen/org/gecko/emf/osgi/example/model/manual/impl/ManualFactoryImpl.java
[INFO] Asked to open OutputStream for platform:/resource/org.gecko.emf.osgi.example.model.manual/src-gen/org/gecko/emf/osgi/example/model/manual/impl/ManualFactoryImpl.java
[INFO] Sanatized resource://org.gecko.emf.osgi.example.model.manual/src-gen/org/gecko/emf/osgi/example/model/manual/impl/ManualFactoryImpl.java
[INFO] Opening file N:\git\geckoprojects\geckoprojectsorg.geckoprojects.emf\org.gecko.emf.osgi.example.model.manual\src-gen\org\gecko\emf\osgi\example\model\manual\impl\ManualFactoryImpl.java
[INFO] subtask Generating Java class org.gecko.emf.osgi.example.model.manual.util.ManualSwitch
[INFO] subtask Generating /org.gecko.emf.osgi.example.model.manual/src-gen/org/gecko/emf/osgi/example/model/manual/util/ManualSwitch.java
[INFO] internaly worked 1.0 on null
[INFO] subtask 
[INFO] Asked to handle platform:/resource/org.gecko.emf.osgi.example.model.manual/src-gen/org/gecko/emf/osgi/example/model/manual/util/ManualSwitch.java
[INFO] Asked if exists platform:/resource/org.gecko.emf.osgi.example.model.manual/src-gen/org/gecko/emf/osgi/example/model/manual/util/ManualSwitch.java
[INFO] Sanatized platform:/resource/org.gecko.emf.osgi.example.model.manual/src-gen/org/gecko/emf/osgi/example/model/manual/util/ManualSwitch.java
[INFO] Asked to handle platform:/resource/org.gecko.emf.osgi.example.model.manual/src-gen/org/gecko/emf/osgi/example/model/manual/util/ManualSwitch.java
[INFO] Asked to open InputStream for platform:/resource/org.gecko.emf.osgi.example.model.manual/src-gen/org/gecko/emf/osgi/example/model/manual/util/ManualSwitch.java
[INFO] sanatized uri resource://org.gecko.emf.osgi.example.model.manual/src-gen/org/gecko/emf/osgi/example/model/manual/util/ManualSwitch.java
[INFO] bsn according to URIorg.gecko.emf.osgi.example.model.manual
[INFO] The bsn segment part fits to: org.gecko.emf.osgi.example.model.manual
[INFO] subtask Preparing new /org.gecko.emf.osgi.example.model.manual/src-gen/org/gecko/emf/osgi/example/model/manual/util/ManualSwitch.java
[INFO] Asked to handle platform:/resource/org.gecko.emf.osgi.example.model.manual/src-gen/org/gecko/emf/osgi/example/model/manual/util/ManualSwitch.java
[INFO] Asked to open OutputStream for platform:/resource/org.gecko.emf.osgi.example.model.manual/src-gen/org/gecko/emf/osgi/example/model/manual/util/ManualSwitch.java
[INFO] Sanatized resource://org.gecko.emf.osgi.example.model.manual/src-gen/org/gecko/emf/osgi/example/model/manual/util/ManualSwitch.java
[INFO] Opening file N:\git\geckoprojects\geckoprojectsorg.geckoprojects.emf\org.gecko.emf.osgi.example.model.manual\src-gen\org\gecko\emf\osgi\example\model\manual\util\ManualSwitch.java
[INFO] subtask Generating Java class org.gecko.emf.osgi.example.model.manual.util.ManualAdapterFactory
[INFO] subtask Generating /org.gecko.emf.osgi.example.model.manual/src-gen/org/gecko/emf/osgi/example/model/manual/util/ManualAdapterFactory.java
[INFO] internaly worked 1.0 on null
[INFO] subtask 
[INFO] Asked to handle platform:/resource/org.gecko.emf.osgi.example.model.manual/src-gen/org/gecko/emf/osgi/example/model/manual/util/ManualAdapterFactory.java
[INFO] Asked if exists platform:/resource/org.gecko.emf.osgi.example.model.manual/src-gen/org/gecko/emf/osgi/example/model/manual/util/ManualAdapterFactory.java
[INFO] Sanatized platform:/resource/org.gecko.emf.osgi.example.model.manual/src-gen/org/gecko/emf/osgi/example/model/manual/util/ManualAdapterFactory.java
[INFO] Asked to handle platform:/resource/org.gecko.emf.osgi.example.model.manual/src-gen/org/gecko/emf/osgi/example/model/manual/util/ManualAdapterFactory.java
[INFO] Asked to open InputStream for platform:/resource/org.gecko.emf.osgi.example.model.manual/src-gen/org/gecko/emf/osgi/example/model/manual/util/ManualAdapterFactory.java
[INFO] sanatized uri resource://org.gecko.emf.osgi.example.model.manual/src-gen/org/gecko/emf/osgi/example/model/manual/util/ManualAdapterFactory.java
[INFO] bsn according to URIorg.gecko.emf.osgi.example.model.manual
[INFO] The bsn segment part fits to: org.gecko.emf.osgi.example.model.manual
[INFO] subtask Preparing new /org.gecko.emf.osgi.example.model.manual/src-gen/org/gecko/emf/osgi/example/model/manual/util/ManualAdapterFactory.java
[INFO] Asked to handle platform:/resource/org.gecko.emf.osgi.example.model.manual/src-gen/org/gecko/emf/osgi/example/model/manual/util/ManualAdapterFactory.java
[INFO] Asked to open OutputStream for platform:/resource/org.gecko.emf.osgi.example.model.manual/src-gen/org/gecko/emf/osgi/example/model/manual/util/ManualAdapterFactory.java
[INFO] Sanatized resource://org.gecko.emf.osgi.example.model.manual/src-gen/org/gecko/emf/osgi/example/model/manual/util/ManualAdapterFactory.java
[INFO] Opening file N:\git\geckoprojects\geckoprojectsorg.geckoprojects.emf\org.gecko.emf.osgi.example.model.manual\src-gen\org\gecko\emf\osgi\example\model\manual\util\ManualAdapterFactory.java
[INFO] subtask Generating EPackageConfigurator for package 'manual'
[INFO] subtask Generating /org.gecko.emf.osgi.example.model.manual/src-gen/org/gecko/emf/osgi/example/model/manual/configuration/ManualEPackageConfigurator.java
[INFO] internaly worked 1.0 on null
[INFO] subtask 
[INFO] Asked to handle platform:/resource/org.gecko.emf.osgi.example.model.manual/src-gen/org/gecko/emf/osgi/example/model/manual/configuration/ManualEPackageConfigurator.java
[INFO] Asked if exists platform:/resource/org.gecko.emf.osgi.example.model.manual/src-gen/org/gecko/emf/osgi/example/model/manual/configuration/ManualEPackageConfigurator.java
[INFO] Sanatized platform:/resource/org.gecko.emf.osgi.example.model.manual/src-gen/org/gecko/emf/osgi/example/model/manual/configuration/ManualEPackageConfigurator.java
[INFO] Asked to handle platform:/resource/org.gecko.emf.osgi.example.model.manual/src-gen/org/gecko/emf/osgi/example/model/manual/configuration/ManualEPackageConfigurator.java
[INFO] Asked to open InputStream for platform:/resource/org.gecko.emf.osgi.example.model.manual/src-gen/org/gecko/emf/osgi/example/model/manual/configuration/ManualEPackageConfigurator.java
[INFO] sanatized uri resource://org.gecko.emf.osgi.example.model.manual/src-gen/org/gecko/emf/osgi/example/model/manual/configuration/ManualEPackageConfigurator.java
[INFO] bsn according to URIorg.gecko.emf.osgi.example.model.manual
[INFO] The bsn segment part fits to: org.gecko.emf.osgi.example.model.manual
[INFO] subtask Preparing new /org.gecko.emf.osgi.example.model.manual/src-gen/org/gecko/emf/osgi/example/model/manual/configuration/ManualEPackageConfigurator.java
[INFO] Asked to handle platform:/resource/org.gecko.emf.osgi.example.model.manual/src-gen/org/gecko/emf/osgi/example/model/manual/configuration/ManualEPackageConfigurator.java
[INFO] Asked to open OutputStream for platform:/resource/org.gecko.emf.osgi.example.model.manual/src-gen/org/gecko/emf/osgi/example/model/manual/configuration/ManualEPackageConfigurator.java
[INFO] Sanatized resource://org.gecko.emf.osgi.example.model.manual/src-gen/org/gecko/emf/osgi/example/model/manual/configuration/ManualEPackageConfigurator.java
[INFO] Opening file N:\git\geckoprojects\geckoprojectsorg.geckoprojects.emf\org.gecko.emf.osgi.example.model.manual\src-gen\org\gecko\emf\osgi\example\model\manual\configuration\ManualEPackageConfigurator.java
[INFO] subtask Generating Java class org.gecko.emf.osgi.example.model.manual.util.ManualResourceFactoryImpl
[INFO] subtask Generating /org.gecko.emf.osgi.example.model.manual/src-gen/org/gecko/emf/osgi/example/model/manual/util/ManualResourceFactoryImpl.java
[INFO] internaly worked 1.0 on null
[INFO] subtask 
[INFO] Asked to handle platform:/resource/org.gecko.emf.osgi.example.model.manual/src-gen/org/gecko/emf/osgi/example/model/manual/util/ManualResourceFactoryImpl.java
[INFO] Asked if exists platform:/resource/org.gecko.emf.osgi.example.model.manual/src-gen/org/gecko/emf/osgi/example/model/manual/util/ManualResourceFactoryImpl.java
[INFO] Sanatized platform:/resource/org.gecko.emf.osgi.example.model.manual/src-gen/org/gecko/emf/osgi/example/model/manual/util/ManualResourceFactoryImpl.java
[INFO] Asked to handle platform:/resource/org.gecko.emf.osgi.example.model.manual/src-gen/org/gecko/emf/osgi/example/model/manual/util/ManualResourceFactoryImpl.java
[INFO] Asked to open InputStream for platform:/resource/org.gecko.emf.osgi.example.model.manual/src-gen/org/gecko/emf/osgi/example/model/manual/util/ManualResourceFactoryImpl.java
[INFO] sanatized uri resource://org.gecko.emf.osgi.example.model.manual/src-gen/org/gecko/emf/osgi/example/model/manual/util/ManualResourceFactoryImpl.java
[INFO] bsn according to URIorg.gecko.emf.osgi.example.model.manual
[INFO] The bsn segment part fits to: org.gecko.emf.osgi.example.model.manual
[INFO] subtask Preparing new /org.gecko.emf.osgi.example.model.manual/src-gen/org/gecko/emf/osgi/example/model/manual/util/ManualResourceFactoryImpl.java
[INFO] Asked to handle platform:/resource/org.gecko.emf.osgi.example.model.manual/src-gen/org/gecko/emf/osgi/example/model/manual/util/ManualResourceFactoryImpl.java
[INFO] Asked to open OutputStream for platform:/resource/org.gecko.emf.osgi.example.model.manual/src-gen/org/gecko/emf/osgi/example/model/manual/util/ManualResourceFactoryImpl.java
[INFO] Sanatized resource://org.gecko.emf.osgi.example.model.manual/src-gen/org/gecko/emf/osgi/example/model/manual/util/ManualResourceFactoryImpl.java
[INFO] Opening file N:\git\geckoprojects\geckoprojectsorg.geckoprojects.emf\org.gecko.emf.osgi.example.model.manual\src-gen\org\gecko\emf\osgi\example\model\manual\util\ManualResourceFactoryImpl.java
[INFO] subtask Generating OSGi configuration component for package 'manual'
[INFO] subtask Generating /org.gecko.emf.osgi.example.model.manual/src-gen/org/gecko/emf/osgi/example/model/manual/configuration/ManualConfigurationComponent.java
[INFO] internaly worked 1.0 on null
[INFO] subtask 
[INFO] Asked to handle platform:/resource/org.gecko.emf.osgi.example.model.manual/src-gen/org/gecko/emf/osgi/example/model/manual/configuration/ManualConfigurationComponent.java
[INFO] Asked if exists platform:/resource/org.gecko.emf.osgi.example.model.manual/src-gen/org/gecko/emf/osgi/example/model/manual/configuration/ManualConfigurationComponent.java
[INFO] Sanatized platform:/resource/org.gecko.emf.osgi.example.model.manual/src-gen/org/gecko/emf/osgi/example/model/manual/configuration/ManualConfigurationComponent.java
[INFO] Asked to handle platform:/resource/org.gecko.emf.osgi.example.model.manual/src-gen/org/gecko/emf/osgi/example/model/manual/configuration/ManualConfigurationComponent.java
[INFO] Asked to open InputStream for platform:/resource/org.gecko.emf.osgi.example.model.manual/src-gen/org/gecko/emf/osgi/example/model/manual/configuration/ManualConfigurationComponent.java
[INFO] sanatized uri resource://org.gecko.emf.osgi.example.model.manual/src-gen/org/gecko/emf/osgi/example/model/manual/configuration/ManualConfigurationComponent.java
[INFO] bsn according to URIorg.gecko.emf.osgi.example.model.manual
[INFO] The bsn segment part fits to: org.gecko.emf.osgi.example.model.manual
[INFO] subtask Preparing new /org.gecko.emf.osgi.example.model.manual/src-gen/org/gecko/emf/osgi/example/model/manual/configuration/ManualConfigurationComponent.java
[INFO] Asked to handle platform:/resource/org.gecko.emf.osgi.example.model.manual/src-gen/org/gecko/emf/osgi/example/model/manual/configuration/ManualConfigurationComponent.java
[INFO] Asked to open OutputStream for platform:/resource/org.gecko.emf.osgi.example.model.manual/src-gen/org/gecko/emf/osgi/example/model/manual/configuration/ManualConfigurationComponent.java
[INFO] Sanatized resource://org.gecko.emf.osgi.example.model.manual/src-gen/org/gecko/emf/osgi/example/model/manual/configuration/ManualConfigurationComponent.java
[INFO] Opening file N:\git\geckoprojects\geckoprojectsorg.geckoprojects.emf\org.gecko.emf.osgi.example.model.manual\src-gen\org\gecko\emf\osgi\example\model\manual\configuration\ManualConfigurationComponent.java
[INFO] subtask Generating package info for package 'manual'
[INFO] subtask Generating /org.gecko.emf.osgi.example.model.manual/src-gen/org/gecko/emf/osgi/example/model/manual/package-info.java
[INFO] internaly worked 1.0 on null
[INFO] subtask 
[INFO] Asked to handle platform:/resource/org.gecko.emf.osgi.example.model.manual/src-gen/org/gecko/emf/osgi/example/model/manual/package-info.java
[INFO] Asked if exists platform:/resource/org.gecko.emf.osgi.example.model.manual/src-gen/org/gecko/emf/osgi/example/model/manual/package-info.java
[INFO] Sanatized platform:/resource/org.gecko.emf.osgi.example.model.manual/src-gen/org/gecko/emf/osgi/example/model/manual/package-info.java
[INFO] Asked to handle platform:/resource/org.gecko.emf.osgi.example.model.manual/src-gen/org/gecko/emf/osgi/example/model/manual/package-info.java
[INFO] Asked to open InputStream for platform:/resource/org.gecko.emf.osgi.example.model.manual/src-gen/org/gecko/emf/osgi/example/model/manual/package-info.java
[INFO] sanatized uri resource://org.gecko.emf.osgi.example.model.manual/src-gen/org/gecko/emf/osgi/example/model/manual/package-info.java
[INFO] bsn according to URIorg.gecko.emf.osgi.example.model.manual
[INFO] The bsn segment part fits to: org.gecko.emf.osgi.example.model.manual
[INFO] subtask Preparing new /org.gecko.emf.osgi.example.model.manual/src-gen/org/gecko/emf/osgi/example/model/manual/package-info.java
[INFO] Asked to handle platform:/resource/org.gecko.emf.osgi.example.model.manual/src-gen/org/gecko/emf/osgi/example/model/manual/package-info.java
[INFO] Asked to open OutputStream for platform:/resource/org.gecko.emf.osgi.example.model.manual/src-gen/org/gecko/emf/osgi/example/model/manual/package-info.java
[INFO] Sanatized resource://org.gecko.emf.osgi.example.model.manual/src-gen/org/gecko/emf/osgi/example/model/manual/package-info.java
[INFO] Opening file N:\git\geckoprojects\geckoprojectsorg.geckoprojects.emf\org.gecko.emf.osgi.example.model.manual\src-gen\org\gecko\emf\osgi\example\model\manual\package-info.java
[INFO] subtask Generating /org.gecko.emf.osgi.example.model.manual/src-gen/org/gecko/emf/osgi/example/model/manual/impl/package-info.java
[INFO] internaly worked 1.0 on null
[INFO] subtask 
[INFO] Asked to handle platform:/resource/org.gecko.emf.osgi.example.model.manual/src-gen/org/gecko/emf/osgi/example/model/manual/impl/package-info.java
[INFO] Asked if exists platform:/resource/org.gecko.emf.osgi.example.model.manual/src-gen/org/gecko/emf/osgi/example/model/manual/impl/package-info.java
[INFO] Sanatized platform:/resource/org.gecko.emf.osgi.example.model.manual/src-gen/org/gecko/emf/osgi/example/model/manual/impl/package-info.java
[INFO] Asked to handle platform:/resource/org.gecko.emf.osgi.example.model.manual/src-gen/org/gecko/emf/osgi/example/model/manual/impl/package-info.java
[INFO] Asked to open InputStream for platform:/resource/org.gecko.emf.osgi.example.model.manual/src-gen/org/gecko/emf/osgi/example/model/manual/impl/package-info.java
[INFO] sanatized uri resource://org.gecko.emf.osgi.example.model.manual/src-gen/org/gecko/emf/osgi/example/model/manual/impl/package-info.java
[INFO] bsn according to URIorg.gecko.emf.osgi.example.model.manual
[INFO] The bsn segment part fits to: org.gecko.emf.osgi.example.model.manual
[INFO] subtask Preparing new /org.gecko.emf.osgi.example.model.manual/src-gen/org/gecko/emf/osgi/example/model/manual/impl/package-info.java
[INFO] Asked to handle platform:/resource/org.gecko.emf.osgi.example.model.manual/src-gen/org/gecko/emf/osgi/example/model/manual/impl/package-info.java
[INFO] Asked to open OutputStream for platform:/resource/org.gecko.emf.osgi.example.model.manual/src-gen/org/gecko/emf/osgi/example/model/manual/impl/package-info.java
[INFO] Sanatized resource://org.gecko.emf.osgi.example.model.manual/src-gen/org/gecko/emf/osgi/example/model/manual/impl/package-info.java
[INFO] Opening file N:\git\geckoprojects\geckoprojectsorg.geckoprojects.emf\org.gecko.emf.osgi.example.model.manual\src-gen\org\gecko\emf\osgi\example\model\manual\impl\package-info.java
[INFO] subtask Generating /org.gecko.emf.osgi.example.model.manual/src-gen/org/gecko/emf/osgi/example/model/manual/util/package-info.java
[INFO] internaly worked 1.0 on null
[INFO] subtask 
[INFO] Asked to handle platform:/resource/org.gecko.emf.osgi.example.model.manual/src-gen/org/gecko/emf/osgi/example/model/manual/util/package-info.java
[INFO] Asked if exists platform:/resource/org.gecko.emf.osgi.example.model.manual/src-gen/org/gecko/emf/osgi/example/model/manual/util/package-info.java
[INFO] Sanatized platform:/resource/org.gecko.emf.osgi.example.model.manual/src-gen/org/gecko/emf/osgi/example/model/manual/util/package-info.java
[INFO] Asked to handle platform:/resource/org.gecko.emf.osgi.example.model.manual/src-gen/org/gecko/emf/osgi/example/model/manual/util/package-info.java
[INFO] Asked to open InputStream for platform:/resource/org.gecko.emf.osgi.example.model.manual/src-gen/org/gecko/emf/osgi/example/model/manual/util/package-info.java
[INFO] sanatized uri resource://org.gecko.emf.osgi.example.model.manual/src-gen/org/gecko/emf/osgi/example/model/manual/util/package-info.java
[INFO] bsn according to URIorg.gecko.emf.osgi.example.model.manual
[INFO] The bsn segment part fits to: org.gecko.emf.osgi.example.model.manual
[INFO] subtask Preparing new /org.gecko.emf.osgi.example.model.manual/src-gen/org/gecko/emf/osgi/example/model/manual/util/package-info.java
[INFO] Asked to handle platform:/resource/org.gecko.emf.osgi.example.model.manual/src-gen/org/gecko/emf/osgi/example/model/manual/util/package-info.java
[INFO] Asked to open OutputStream for platform:/resource/org.gecko.emf.osgi.example.model.manual/src-gen/org/gecko/emf/osgi/example/model/manual/util/package-info.java
[INFO] Sanatized resource://org.gecko.emf.osgi.example.model.manual/src-gen/org/gecko/emf/osgi/example/model/manual/util/package-info.java
[INFO] Opening file N:\git\geckoprojects\geckoprojectsorg.geckoprojects.emf\org.gecko.emf.osgi.example.model.manual\src-gen\org\gecko\emf\osgi\example\model\manual\util\package-info.java
[INFO] subtask Generating Foo
[INFO] internaly worked 1.0 on null
[INFO] subtask 
[INFO] subtask Generating Java interface org.gecko.emf.osgi.example.model.manual.Foo
[INFO] subtask Generating /org.gecko.emf.osgi.example.model.manual/src-gen/org/gecko/emf/osgi/example/model/manual/Foo.java
[INFO] internaly worked 1.0 on null
[INFO] subtask 
[INFO] Asked to handle platform:/resource/org.gecko.emf.osgi.example.model.manual/src-gen/org/gecko/emf/osgi/example/model/manual/Foo.java
[INFO] Asked if exists platform:/resource/org.gecko.emf.osgi.example.model.manual/src-gen/org/gecko/emf/osgi/example/model/manual/Foo.java
[INFO] Sanatized platform:/resource/org.gecko.emf.osgi.example.model.manual/src-gen/org/gecko/emf/osgi/example/model/manual/Foo.java
[INFO] Asked to handle platform:/resource/org.gecko.emf.osgi.example.model.manual/src-gen/org/gecko/emf/osgi/example/model/manual/Foo.java
[INFO] Asked to open InputStream for platform:/resource/org.gecko.emf.osgi.example.model.manual/src-gen/org/gecko/emf/osgi/example/model/manual/Foo.java
[INFO] sanatized uri resource://org.gecko.emf.osgi.example.model.manual/src-gen/org/gecko/emf/osgi/example/model/manual/Foo.java
[INFO] bsn according to URIorg.gecko.emf.osgi.example.model.manual
[INFO] The bsn segment part fits to: org.gecko.emf.osgi.example.model.manual
[INFO] subtask Preparing new /org.gecko.emf.osgi.example.model.manual/src-gen/org/gecko/emf/osgi/example/model/manual/Foo.java
[INFO] Asked to handle platform:/resource/org.gecko.emf.osgi.example.model.manual/src-gen/org/gecko/emf/osgi/example/model/manual/Foo.java
[INFO] Asked to open OutputStream for platform:/resource/org.gecko.emf.osgi.example.model.manual/src-gen/org/gecko/emf/osgi/example/model/manual/Foo.java
[INFO] Sanatized resource://org.gecko.emf.osgi.example.model.manual/src-gen/org/gecko/emf/osgi/example/model/manual/Foo.java
[INFO] Opening file N:\git\geckoprojects\geckoprojectsorg.geckoprojects.emf\org.gecko.emf.osgi.example.model.manual\src-gen\org\gecko\emf\osgi\example\model\manual\Foo.java
[INFO] subtask Generating Java class org.gecko.emf.osgi.example.model.manual.impl.FooImpl
[INFO] subtask Generating /org.gecko.emf.osgi.example.model.manual/src-gen/org/gecko/emf/osgi/example/model/manual/impl/FooImpl.java
[INFO] internaly worked 1.0 on null
[INFO] subtask 
[INFO] Asked to handle platform:/resource/org.gecko.emf.osgi.example.model.manual/src-gen/org/gecko/emf/osgi/example/model/manual/impl/FooImpl.java
[INFO] Asked if exists platform:/resource/org.gecko.emf.osgi.example.model.manual/src-gen/org/gecko/emf/osgi/example/model/manual/impl/FooImpl.java
[INFO] Sanatized platform:/resource/org.gecko.emf.osgi.example.model.manual/src-gen/org/gecko/emf/osgi/example/model/manual/impl/FooImpl.java
[INFO] Asked to handle platform:/resource/org.gecko.emf.osgi.example.model.manual/src-gen/org/gecko/emf/osgi/example/model/manual/impl/FooImpl.java
[INFO] Asked to open InputStream for platform:/resource/org.gecko.emf.osgi.example.model.manual/src-gen/org/gecko/emf/osgi/example/model/manual/impl/FooImpl.java
[INFO] sanatized uri resource://org.gecko.emf.osgi.example.model.manual/src-gen/org/gecko/emf/osgi/example/model/manual/impl/FooImpl.java
[INFO] bsn according to URIorg.gecko.emf.osgi.example.model.manual
[INFO] The bsn segment part fits to: org.gecko.emf.osgi.example.model.manual
[INFO] subtask Preparing new /org.gecko.emf.osgi.example.model.manual/src-gen/org/gecko/emf/osgi/example/model/manual/impl/FooImpl.java
[INFO] Asked to handle platform:/resource/org.gecko.emf.osgi.example.model.manual/src-gen/org/gecko/emf/osgi/example/model/manual/impl/FooImpl.java
[INFO] Asked to open OutputStream for platform:/resource/org.gecko.emf.osgi.example.model.manual/src-gen/org/gecko/emf/osgi/example/model/manual/impl/FooImpl.java
[INFO] Sanatized resource://org.gecko.emf.osgi.example.model.manual/src-gen/org/gecko/emf/osgi/example/model/manual/impl/FooImpl.java
[INFO] Opening file N:\git\geckoprojects\geckoprojectsorg.geckoprojects.emf\org.gecko.emf.osgi.example.model.manual\src-gen\org\gecko\emf\osgi\example\model\manual\impl\FooImpl.java
[INFO] Generating code - org.eclipse.emf.codegen.ecore
[INFO]   OK - org.eclipse.emf.common
[INFO]   OK - org.eclipse.emf.common
[INFO]   OK - org.eclipse.emf.common
[INFO]   OK - org.eclipse.emf.common
[INFO]   OK - org.eclipse.emf.common
[INFO]   OK - org.eclipse.emf.common
[INFO]   OK - org.eclipse.emf.common
[INFO]   OK - org.eclipse.emf.common
[INFO]   OK - org.eclipse.emf.common
