[INFO] Output configured: src-gen
[INFO] Output result: /opt/git/org.geckoprojects.emf/org.gecko.emf.osgi.example.model.extended/src-gen
[INFO] Running for genmodel model/extendend.genmodel in /opt/git/org.geckoprojects.emf/org.gecko.emf.osgi.example.model.extended
[INFO] Asked to handle resource://org.gecko.emf.osgi.example.model.extended/model/extendend.genmodel
[INFO] Asked for content Descriptor resource://org.gecko.emf.osgi.example.model.extended/model/extendend.genmodel
[INFO] Asked to handle resource://org.gecko.emf.osgi.example.model.extended/model/extendend.genmodel
[INFO] Asked to open InputStream for resource://org.gecko.emf.osgi.example.model.extended/model/extendend.genmodel
[INFO] sanatized uri resource://org.gecko.emf.osgi.example.model.extended/model/extendend.genmodel
[INFO] bsn according to URIorg.gecko.emf.osgi.example.model.extended
[INFO] The bsn segment part fits to: org.gecko.emf.osgi.example.model.extended
[INFO] Configuring Jet
[INFO] subtask Generating code
[INFO] internaly worked 0.16666666666666666 on null
[INFO] subtask Generating Code for ExtendedPackage
[INFO] internaly worked 0.16666666666666666 on null
[INFO] internaly worked 0.16666666666666666 on null
[INFO] internaly worked 0.16666666666666666 on null
[INFO] Asked to handle resource://org.gecko.emf.osgi.example.model.extended/model/extendend.ecore
[INFO] Asked for content Descriptor resource://org.gecko.emf.osgi.example.model.extended/model/extendend.ecore
[INFO] Asked to handle resource://org.gecko.emf.osgi.example.model.extended/model/extendend.ecore
[INFO] Asked to open InputStream for resource://org.gecko.emf.osgi.example.model.extended/model/extendend.ecore
[INFO] sanatized uri resource://org.gecko.emf.osgi.example.model.extended/model/extendend.ecore
[INFO] bsn according to URIorg.gecko.emf.osgi.example.model.extended
[INFO] The bsn segment part fits to: org.gecko.emf.osgi.example.model.extended
[INFO] subtask Generating Java interface org.gecko.emf.osgi.example.model.extended.ExtendedPackage
[INFO] subtask Generating /org.gecko.emf.osgi.example.model.extended/src-gen/org/gecko/emf/osgi/example/model/extended/ExtendedPackage.java
[INFO] Asked to handle resource://org.gecko.emf.osgi.example.model.extended/../org.gecko.emf.osgi.example.model.basic/model/basic.genmodel
[INFO] Asked for content Descriptor resource://org.gecko.emf.osgi.example.model.extended/../org.gecko.emf.osgi.example.model.basic/model/basic.genmodel
[INFO] Asked to handle resource://org.gecko.emf.osgi.example.model.extended/../org.gecko.emf.osgi.example.model.basic/model/basic.genmodel
[INFO] Asked to open InputStream for resource://org.gecko.emf.osgi.example.model.extended/../org.gecko.emf.osgi.example.model.basic/model/basic.genmodel
[INFO] sanatized uri resource://org.gecko.emf.osgi.example.model.basic/model/basic.genmodel
[INFO] bsn according to URIorg.gecko.emf.osgi.example.model.basic
[INFO] Comparing org.gecko.emf.osgi.example.model.basicwith container using getBSN() org.osgi.service.component.annotations
[INFO] Could not parse BSN from /opt/git/org.geckoprojects.emf/org.gecko.emf.osgi/bin. Error was Ist ein Verzeichnis. Returning org.gecko.emf.osgi
[INFO] Comparing org.gecko.emf.osgi.example.model.basicwith container using getBSN() org.gecko.emf.osgi
[INFO] Comparing org.gecko.emf.osgi.example.model.basicwith container using getBSN() org.gecko.emf.osgi.example.model.basic
[INFO] Match in /opt/git/org.geckoprojects.emf/org.gecko.emf.osgi.example.model.basic/generated/org.gecko.emf.osgi.example.model.basic.jar
[INFO] comaparing URIs resource://org.gecko.emf.osgi.example.model.basic/model/basic.ecore with the requested resource://org.gecko.emf.osgi.example.model.basic/model/basic.genmodel
[INFO] comaparing URIs resource://org.gecko.emf.osgi.example.model.basic/model/basic.genmodel with the requested resource://org.gecko.emf.osgi.example.model.basic/model/basic.genmodel
[INFO] Asked to handle resource://org.gecko.emf.osgi.example.model.extended/../org.gecko.emf.osgi.example.model.basic/model/basic.ecore
[INFO] Asked for content Descriptor resource://org.gecko.emf.osgi.example.model.extended/../org.gecko.emf.osgi.example.model.basic/model/basic.ecore
[INFO] Asked to handle resource://org.gecko.emf.osgi.example.model.extended/../org.gecko.emf.osgi.example.model.basic/model/basic.ecore
[INFO] Asked to open InputStream for resource://org.gecko.emf.osgi.example.model.extended/../org.gecko.emf.osgi.example.model.basic/model/basic.ecore
[INFO] sanatized uri resource://org.gecko.emf.osgi.example.model.basic/model/basic.ecore
[INFO] bsn according to URIorg.gecko.emf.osgi.example.model.basic
[INFO] Comparing org.gecko.emf.osgi.example.model.basicwith container using getBSN() org.osgi.service.component.annotations
[INFO] Could not parse BSN from /opt/git/org.geckoprojects.emf/org.gecko.emf.osgi/bin. Error was Ist ein Verzeichnis. Returning org.gecko.emf.osgi
[INFO] Comparing org.gecko.emf.osgi.example.model.basicwith container using getBSN() org.gecko.emf.osgi
[INFO] Comparing org.gecko.emf.osgi.example.model.basicwith container using getBSN() org.gecko.emf.osgi.example.model.basic
[INFO] Match in /opt/git/org.geckoprojects.emf/org.gecko.emf.osgi.example.model.basic/generated/org.gecko.emf.osgi.example.model.basic.jar
[INFO] comaparing URIs resource://org.gecko.emf.osgi.example.model.basic/model/basic.ecore with the requested resource://org.gecko.emf.osgi.example.model.basic/model/basic.ecore
[INFO] Asked to handle resource://org.gecko.emf.osgi.example.model.extended/../org.eclipse.emf.ecore/model/Ecore.genmodel
[INFO] Asked for content Descriptor resource://org.gecko.emf.osgi.example.model.extended/../org.eclipse.emf.ecore/model/Ecore.genmodel
[INFO] Asked to handle resource://org.gecko.emf.osgi.example.model.extended/../org.eclipse.emf.ecore/model/Ecore.genmodel
[INFO] Asked to open InputStream for resource://org.gecko.emf.osgi.example.model.extended/../org.eclipse.emf.ecore/model/Ecore.genmodel
[INFO] sanatized uri resource://org.eclipse.emf.ecore/model/Ecore.genmodel
[INFO] bsn according to URIorg.eclipse.emf.ecore
[INFO] Comparing org.eclipse.emf.ecorewith container using getBSN() org.osgi.service.component.annotations
[INFO] Could not parse BSN from /opt/git/org.geckoprojects.emf/org.gecko.emf.osgi/bin. Error was Ist ein Verzeichnis. Returning org.gecko.emf.osgi
[INFO] Comparing org.eclipse.emf.ecorewith container using getBSN() org.gecko.emf.osgi
[INFO] Comparing org.eclipse.emf.ecorewith container using getBSN() org.gecko.emf.osgi.example.model.basic
[INFO] Comparing org.eclipse.emf.ecorewith container using getBSN() org.osgi.annotation.versioning
[INFO] Comparing org.eclipse.emf.ecorewith container using getBSN() org.eclipse.emf.common
[INFO] Comparing org.eclipse.emf.ecorewith container using getBSN() org.eclipse.emf.ecore.xmi
[INFO] Comparing org.eclipse.emf.ecorewith container using getBSN() org.eclipse.emf.ecore
[INFO] Match in /home/mark/.m2/repository/org/eclipse/emf/org.eclipse.emf.ecore/2.25.0/org.eclipse.emf.ecore-2.25.0.jar
[INFO] comaparing URIs resource://org.eclipse.emf.ecore/model/DateConversionDelegateAnnotation.ecore with the requested resource://org.eclipse.emf.ecore/model/Ecore.genmodel
[INFO] comaparing URIs resource://org.eclipse.emf.ecore/model/Ecore.ecore with the requested resource://org.eclipse.emf.ecore/model/Ecore.genmodel
[INFO] comaparing URIs resource://org.eclipse.emf.ecore/model/Ecore.genmodel with the requested resource://org.eclipse.emf.ecore/model/Ecore.genmodel
[INFO] Asked to handle resource://org.gecko.emf.osgi.example.model.extended/../org.eclipse.emf.ecore/model/Ecore.ecore
[INFO] Asked for content Descriptor resource://org.gecko.emf.osgi.example.model.extended/../org.eclipse.emf.ecore/model/Ecore.ecore
[INFO] Asked to handle resource://org.gecko.emf.osgi.example.model.extended/../org.eclipse.emf.ecore/model/Ecore.ecore
[INFO] Asked to open InputStream for resource://org.gecko.emf.osgi.example.model.extended/../org.eclipse.emf.ecore/model/Ecore.ecore
[INFO] sanatized uri resource://org.eclipse.emf.ecore/model/Ecore.ecore
[INFO] bsn according to URIorg.eclipse.emf.ecore
[INFO] Comparing org.eclipse.emf.ecorewith container using getBSN() org.osgi.service.component.annotations
[INFO] Could not parse BSN from /opt/git/org.geckoprojects.emf/org.gecko.emf.osgi/bin. Error was Ist ein Verzeichnis. Returning org.gecko.emf.osgi
[INFO] Comparing org.eclipse.emf.ecorewith container using getBSN() org.gecko.emf.osgi
[INFO] Comparing org.eclipse.emf.ecorewith container using getBSN() org.gecko.emf.osgi.example.model.basic
[INFO] Comparing org.eclipse.emf.ecorewith container using getBSN() org.osgi.annotation.versioning
[INFO] Comparing org.eclipse.emf.ecorewith container using getBSN() org.eclipse.emf.common
[INFO] Comparing org.eclipse.emf.ecorewith container using getBSN() org.eclipse.emf.ecore.xmi
[INFO] Comparing org.eclipse.emf.ecorewith container using getBSN() org.eclipse.emf.ecore
[INFO] Match in /home/mark/.m2/repository/org/eclipse/emf/org.eclipse.emf.ecore/2.25.0/org.eclipse.emf.ecore-2.25.0.jar
[INFO] comaparing URIs resource://org.eclipse.emf.ecore/model/DateConversionDelegateAnnotation.ecore with the requested resource://org.eclipse.emf.ecore/model/Ecore.ecore
[INFO] comaparing URIs resource://org.eclipse.emf.ecore/model/Ecore.ecore with the requested resource://org.eclipse.emf.ecore/model/Ecore.ecore
[INFO] Asked to handle platform:/resource/org.gecko.emf.osgi.example.model.extended/src-gen/org/gecko/emf/osgi/example/model/extended/ExtendedPackage.java
[INFO] Asked if exists platform:/resource/org.gecko.emf.osgi.example.model.extended/src-gen/org/gecko/emf/osgi/example/model/extended/ExtendedPackage.java
[INFO] Sanatized platform:/resource/org.gecko.emf.osgi.example.model.extended/src-gen/org/gecko/emf/osgi/example/model/extended/ExtendedPackage.java
[INFO] Asked to handle platform:/resource/org.gecko.emf.osgi.example.model.extended/src-gen/org/gecko/emf/osgi/example/model/extended/ExtendedPackage.java
[INFO] Asked to open InputStream for platform:/resource/org.gecko.emf.osgi.example.model.extended/src-gen/org/gecko/emf/osgi/example/model/extended/ExtendedPackage.java
[INFO] sanatized uri resource://org.gecko.emf.osgi.example.model.extended/src-gen/org/gecko/emf/osgi/example/model/extended/ExtendedPackage.java
[INFO] bsn according to URIorg.gecko.emf.osgi.example.model.extended
[INFO] The bsn segment part fits to: org.gecko.emf.osgi.example.model.extended
[INFO] subtask Preparing new /org.gecko.emf.osgi.example.model.extended/src-gen/org/gecko/emf/osgi/example/model/extended/ExtendedPackage.java
[INFO] internaly worked 0.16666666666666666 on null
[INFO] Asked to handle platform:/resource/org.gecko.emf.osgi.example.model.extended/src-gen/org/gecko/emf/osgi/example/model/extended/ExtendedPackage.java
[INFO] Asked to open OutputStream for platform:/resource/org.gecko.emf.osgi.example.model.extended/src-gen/org/gecko/emf/osgi/example/model/extended/ExtendedPackage.java
[INFO] Sanatized resource://org.gecko.emf.osgi.example.model.extended/src-gen/org/gecko/emf/osgi/example/model/extended/ExtendedPackage.java
[INFO] Opening file /opt/git/org.geckoprojects.emf/org.gecko.emf.osgi.example.model.extended/src-gen/org/gecko/emf/osgi/example/model/extended/ExtendedPackage.java
[INFO] internaly worked 0.16666666666666674 on null
[INFO] subtask 
[INFO] subtask Generating Java class org.gecko.emf.osgi.example.model.extended.impl.ExtendedPackageImpl
[INFO] subtask Generating /org.gecko.emf.osgi.example.model.extended/src-gen/org/gecko/emf/osgi/example/model/extended/impl/ExtendedPackageImpl.java
[INFO] internaly worked 1.0 on null
[INFO] subtask 
[INFO] Asked to handle platform:/resource/org.gecko.emf.osgi.example.model.extended/src-gen/org/gecko/emf/osgi/example/model/extended/impl/ExtendedPackageImpl.java
[INFO] Asked if exists platform:/resource/org.gecko.emf.osgi.example.model.extended/src-gen/org/gecko/emf/osgi/example/model/extended/impl/ExtendedPackageImpl.java
[INFO] Sanatized platform:/resource/org.gecko.emf.osgi.example.model.extended/src-gen/org/gecko/emf/osgi/example/model/extended/impl/ExtendedPackageImpl.java
[INFO] Asked to handle platform:/resource/org.gecko.emf.osgi.example.model.extended/src-gen/org/gecko/emf/osgi/example/model/extended/impl/ExtendedPackageImpl.java
[INFO] Asked to open InputStream for platform:/resource/org.gecko.emf.osgi.example.model.extended/src-gen/org/gecko/emf/osgi/example/model/extended/impl/ExtendedPackageImpl.java
[INFO] sanatized uri resource://org.gecko.emf.osgi.example.model.extended/src-gen/org/gecko/emf/osgi/example/model/extended/impl/ExtendedPackageImpl.java
[INFO] bsn according to URIorg.gecko.emf.osgi.example.model.extended
[INFO] The bsn segment part fits to: org.gecko.emf.osgi.example.model.extended
[INFO] subtask Preparing new /org.gecko.emf.osgi.example.model.extended/src-gen/org/gecko/emf/osgi/example/model/extended/impl/ExtendedPackageImpl.java
[INFO] Asked to handle platform:/resource/org.gecko.emf.osgi.example.model.extended/src-gen/org/gecko/emf/osgi/example/model/extended/impl/ExtendedPackageImpl.java
[INFO] Asked to open OutputStream for platform:/resource/org.gecko.emf.osgi.example.model.extended/src-gen/org/gecko/emf/osgi/example/model/extended/impl/ExtendedPackageImpl.java
[INFO] Sanatized resource://org.gecko.emf.osgi.example.model.extended/src-gen/org/gecko/emf/osgi/example/model/extended/impl/ExtendedPackageImpl.java
[INFO] Opening file /opt/git/org.geckoprojects.emf/org.gecko.emf.osgi.example.model.extended/src-gen/org/gecko/emf/osgi/example/model/extended/impl/ExtendedPackageImpl.java
[INFO] subtask Generating Java interface org.gecko.emf.osgi.example.model.extended.ExtendedFactory
[INFO] subtask Generating /org.gecko.emf.osgi.example.model.extended/src-gen/org/gecko/emf/osgi/example/model/extended/ExtendedFactory.java
[INFO] internaly worked 1.0 on null
[INFO] subtask 
[INFO] Asked to handle platform:/resource/org.gecko.emf.osgi.example.model.extended/src-gen/org/gecko/emf/osgi/example/model/extended/ExtendedFactory.java
[INFO] Asked if exists platform:/resource/org.gecko.emf.osgi.example.model.extended/src-gen/org/gecko/emf/osgi/example/model/extended/ExtendedFactory.java
[INFO] Sanatized platform:/resource/org.gecko.emf.osgi.example.model.extended/src-gen/org/gecko/emf/osgi/example/model/extended/ExtendedFactory.java
[INFO] Asked to handle platform:/resource/org.gecko.emf.osgi.example.model.extended/src-gen/org/gecko/emf/osgi/example/model/extended/ExtendedFactory.java
[INFO] Asked to open InputStream for platform:/resource/org.gecko.emf.osgi.example.model.extended/src-gen/org/gecko/emf/osgi/example/model/extended/ExtendedFactory.java
[INFO] sanatized uri resource://org.gecko.emf.osgi.example.model.extended/src-gen/org/gecko/emf/osgi/example/model/extended/ExtendedFactory.java
[INFO] bsn according to URIorg.gecko.emf.osgi.example.model.extended
[INFO] The bsn segment part fits to: org.gecko.emf.osgi.example.model.extended
[INFO] subtask Preparing new /org.gecko.emf.osgi.example.model.extended/src-gen/org/gecko/emf/osgi/example/model/extended/ExtendedFactory.java
[INFO] Asked to handle platform:/resource/org.gecko.emf.osgi.example.model.extended/src-gen/org/gecko/emf/osgi/example/model/extended/ExtendedFactory.java
[INFO] Asked to open OutputStream for platform:/resource/org.gecko.emf.osgi.example.model.extended/src-gen/org/gecko/emf/osgi/example/model/extended/ExtendedFactory.java
[INFO] Sanatized resource://org.gecko.emf.osgi.example.model.extended/src-gen/org/gecko/emf/osgi/example/model/extended/ExtendedFactory.java
[INFO] Opening file /opt/git/org.geckoprojects.emf/org.gecko.emf.osgi.example.model.extended/src-gen/org/gecko/emf/osgi/example/model/extended/ExtendedFactory.java
[INFO] subtask Generating Java class org.gecko.emf.osgi.example.model.extended.impl.ExtendedFactoryImpl
[INFO] subtask Generating /org.gecko.emf.osgi.example.model.extended/src-gen/org/gecko/emf/osgi/example/model/extended/impl/ExtendedFactoryImpl.java
[INFO] internaly worked 1.0 on null
[INFO] subtask 
[INFO] Asked to handle platform:/resource/org.gecko.emf.osgi.example.model.extended/src-gen/org/gecko/emf/osgi/example/model/extended/impl/ExtendedFactoryImpl.java
[INFO] Asked if exists platform:/resource/org.gecko.emf.osgi.example.model.extended/src-gen/org/gecko/emf/osgi/example/model/extended/impl/ExtendedFactoryImpl.java
[INFO] Sanatized platform:/resource/org.gecko.emf.osgi.example.model.extended/src-gen/org/gecko/emf/osgi/example/model/extended/impl/ExtendedFactoryImpl.java
[INFO] Asked to handle platform:/resource/org.gecko.emf.osgi.example.model.extended/src-gen/org/gecko/emf/osgi/example/model/extended/impl/ExtendedFactoryImpl.java
[INFO] Asked to open InputStream for platform:/resource/org.gecko.emf.osgi.example.model.extended/src-gen/org/gecko/emf/osgi/example/model/extended/impl/ExtendedFactoryImpl.java
[INFO] sanatized uri resource://org.gecko.emf.osgi.example.model.extended/src-gen/org/gecko/emf/osgi/example/model/extended/impl/ExtendedFactoryImpl.java
[INFO] bsn according to URIorg.gecko.emf.osgi.example.model.extended
[INFO] The bsn segment part fits to: org.gecko.emf.osgi.example.model.extended
[INFO] subtask Preparing new /org.gecko.emf.osgi.example.model.extended/src-gen/org/gecko/emf/osgi/example/model/extended/impl/ExtendedFactoryImpl.java
[INFO] Asked to handle platform:/resource/org.gecko.emf.osgi.example.model.extended/src-gen/org/gecko/emf/osgi/example/model/extended/impl/ExtendedFactoryImpl.java
[INFO] Asked to open OutputStream for platform:/resource/org.gecko.emf.osgi.example.model.extended/src-gen/org/gecko/emf/osgi/example/model/extended/impl/ExtendedFactoryImpl.java
[INFO] Sanatized resource://org.gecko.emf.osgi.example.model.extended/src-gen/org/gecko/emf/osgi/example/model/extended/impl/ExtendedFactoryImpl.java
[INFO] Opening file /opt/git/org.geckoprojects.emf/org.gecko.emf.osgi.example.model.extended/src-gen/org/gecko/emf/osgi/example/model/extended/impl/ExtendedFactoryImpl.java
[INFO] subtask Generating Java class org.gecko.emf.osgi.example.model.extended.util.ExtendedSwitch
[INFO] subtask Generating /org.gecko.emf.osgi.example.model.extended/src-gen/org/gecko/emf/osgi/example/model/extended/util/ExtendedSwitch.java
[INFO] internaly worked 1.0 on null
[INFO] subtask 
[INFO] Asked to handle platform:/resource/org.gecko.emf.osgi.example.model.extended/src-gen/org/gecko/emf/osgi/example/model/extended/util/ExtendedSwitch.java
[INFO] Asked if exists platform:/resource/org.gecko.emf.osgi.example.model.extended/src-gen/org/gecko/emf/osgi/example/model/extended/util/ExtendedSwitch.java
[INFO] Sanatized platform:/resource/org.gecko.emf.osgi.example.model.extended/src-gen/org/gecko/emf/osgi/example/model/extended/util/ExtendedSwitch.java
[INFO] Asked to handle platform:/resource/org.gecko.emf.osgi.example.model.extended/src-gen/org/gecko/emf/osgi/example/model/extended/util/ExtendedSwitch.java
[INFO] Asked to open InputStream for platform:/resource/org.gecko.emf.osgi.example.model.extended/src-gen/org/gecko/emf/osgi/example/model/extended/util/ExtendedSwitch.java
[INFO] sanatized uri resource://org.gecko.emf.osgi.example.model.extended/src-gen/org/gecko/emf/osgi/example/model/extended/util/ExtendedSwitch.java
[INFO] bsn according to URIorg.gecko.emf.osgi.example.model.extended
[INFO] The bsn segment part fits to: org.gecko.emf.osgi.example.model.extended
[INFO] subtask Preparing new /org.gecko.emf.osgi.example.model.extended/src-gen/org/gecko/emf/osgi/example/model/extended/util/ExtendedSwitch.java
[INFO] Asked to handle platform:/resource/org.gecko.emf.osgi.example.model.extended/src-gen/org/gecko/emf/osgi/example/model/extended/util/ExtendedSwitch.java
[INFO] Asked to open OutputStream for platform:/resource/org.gecko.emf.osgi.example.model.extended/src-gen/org/gecko/emf/osgi/example/model/extended/util/ExtendedSwitch.java
[INFO] Sanatized resource://org.gecko.emf.osgi.example.model.extended/src-gen/org/gecko/emf/osgi/example/model/extended/util/ExtendedSwitch.java
[INFO] Opening file /opt/git/org.geckoprojects.emf/org.gecko.emf.osgi.example.model.extended/src-gen/org/gecko/emf/osgi/example/model/extended/util/ExtendedSwitch.java
[INFO] subtask Generating Java class org.gecko.emf.osgi.example.model.extended.util.ExtendedAdapterFactory
[INFO] subtask Generating /org.gecko.emf.osgi.example.model.extended/src-gen/org/gecko/emf/osgi/example/model/extended/util/ExtendedAdapterFactory.java
[INFO] internaly worked 1.0 on null
[INFO] subtask 
[INFO] Asked to handle platform:/resource/org.gecko.emf.osgi.example.model.extended/src-gen/org/gecko/emf/osgi/example/model/extended/util/ExtendedAdapterFactory.java
[INFO] Asked if exists platform:/resource/org.gecko.emf.osgi.example.model.extended/src-gen/org/gecko/emf/osgi/example/model/extended/util/ExtendedAdapterFactory.java
[INFO] Sanatized platform:/resource/org.gecko.emf.osgi.example.model.extended/src-gen/org/gecko/emf/osgi/example/model/extended/util/ExtendedAdapterFactory.java
[INFO] Asked to handle platform:/resource/org.gecko.emf.osgi.example.model.extended/src-gen/org/gecko/emf/osgi/example/model/extended/util/ExtendedAdapterFactory.java
[INFO] Asked to open InputStream for platform:/resource/org.gecko.emf.osgi.example.model.extended/src-gen/org/gecko/emf/osgi/example/model/extended/util/ExtendedAdapterFactory.java
[INFO] sanatized uri resource://org.gecko.emf.osgi.example.model.extended/src-gen/org/gecko/emf/osgi/example/model/extended/util/ExtendedAdapterFactory.java
[INFO] bsn according to URIorg.gecko.emf.osgi.example.model.extended
[INFO] The bsn segment part fits to: org.gecko.emf.osgi.example.model.extended
[INFO] subtask Preparing new /org.gecko.emf.osgi.example.model.extended/src-gen/org/gecko/emf/osgi/example/model/extended/util/ExtendedAdapterFactory.java
[INFO] Asked to handle platform:/resource/org.gecko.emf.osgi.example.model.extended/src-gen/org/gecko/emf/osgi/example/model/extended/util/ExtendedAdapterFactory.java
[INFO] Asked to open OutputStream for platform:/resource/org.gecko.emf.osgi.example.model.extended/src-gen/org/gecko/emf/osgi/example/model/extended/util/ExtendedAdapterFactory.java
[INFO] Sanatized resource://org.gecko.emf.osgi.example.model.extended/src-gen/org/gecko/emf/osgi/example/model/extended/util/ExtendedAdapterFactory.java
[INFO] Opening file /opt/git/org.geckoprojects.emf/org.gecko.emf.osgi.example.model.extended/src-gen/org/gecko/emf/osgi/example/model/extended/util/ExtendedAdapterFactory.java
[INFO] subtask Generating Java class org.gecko.emf.osgi.example.model.extended.util.ExtendedResourceFactoryImpl
[INFO] subtask Generating /org.gecko.emf.osgi.example.model.extended/src-gen/org/gecko/emf/osgi/example/model/extended/util/ExtendedResourceFactoryImpl.java
[INFO] internaly worked 1.0 on null
[INFO] subtask 
[INFO] Asked to handle platform:/resource/org.gecko.emf.osgi.example.model.extended/src-gen/org/gecko/emf/osgi/example/model/extended/util/ExtendedResourceFactoryImpl.java
[INFO] Asked if exists platform:/resource/org.gecko.emf.osgi.example.model.extended/src-gen/org/gecko/emf/osgi/example/model/extended/util/ExtendedResourceFactoryImpl.java
[INFO] Sanatized platform:/resource/org.gecko.emf.osgi.example.model.extended/src-gen/org/gecko/emf/osgi/example/model/extended/util/ExtendedResourceFactoryImpl.java
[INFO] Asked to handle platform:/resource/org.gecko.emf.osgi.example.model.extended/src-gen/org/gecko/emf/osgi/example/model/extended/util/ExtendedResourceFactoryImpl.java
[INFO] Asked to open InputStream for platform:/resource/org.gecko.emf.osgi.example.model.extended/src-gen/org/gecko/emf/osgi/example/model/extended/util/ExtendedResourceFactoryImpl.java
[INFO] sanatized uri resource://org.gecko.emf.osgi.example.model.extended/src-gen/org/gecko/emf/osgi/example/model/extended/util/ExtendedResourceFactoryImpl.java
[INFO] bsn according to URIorg.gecko.emf.osgi.example.model.extended
[INFO] The bsn segment part fits to: org.gecko.emf.osgi.example.model.extended
[INFO] subtask Preparing new /org.gecko.emf.osgi.example.model.extended/src-gen/org/gecko/emf/osgi/example/model/extended/util/ExtendedResourceFactoryImpl.java
[INFO] Asked to handle platform:/resource/org.gecko.emf.osgi.example.model.extended/src-gen/org/gecko/emf/osgi/example/model/extended/util/ExtendedResourceFactoryImpl.java
[INFO] Asked to open OutputStream for platform:/resource/org.gecko.emf.osgi.example.model.extended/src-gen/org/gecko/emf/osgi/example/model/extended/util/ExtendedResourceFactoryImpl.java
[INFO] Sanatized resource://org.gecko.emf.osgi.example.model.extended/src-gen/org/gecko/emf/osgi/example/model/extended/util/ExtendedResourceFactoryImpl.java
[INFO] Opening file /opt/git/org.geckoprojects.emf/org.gecko.emf.osgi.example.model.extended/src-gen/org/gecko/emf/osgi/example/model/extended/util/ExtendedResourceFactoryImpl.java
[INFO] subtask Generating Java class org.gecko.emf.osgi.example.model.extended.util.ExtendedResourceImpl
[INFO] subtask Generating /org.gecko.emf.osgi.example.model.extended/src-gen/org/gecko/emf/osgi/example/model/extended/util/ExtendedResourceImpl.java
[INFO] internaly worked 1.0 on null
[INFO] subtask 
[INFO] Asked to handle platform:/resource/org.gecko.emf.osgi.example.model.extended/src-gen/org/gecko/emf/osgi/example/model/extended/util/ExtendedResourceImpl.java
[INFO] Asked if exists platform:/resource/org.gecko.emf.osgi.example.model.extended/src-gen/org/gecko/emf/osgi/example/model/extended/util/ExtendedResourceImpl.java
[INFO] Sanatized platform:/resource/org.gecko.emf.osgi.example.model.extended/src-gen/org/gecko/emf/osgi/example/model/extended/util/ExtendedResourceImpl.java
[INFO] Asked to handle platform:/resource/org.gecko.emf.osgi.example.model.extended/src-gen/org/gecko/emf/osgi/example/model/extended/util/ExtendedResourceImpl.java
[INFO] Asked to open InputStream for platform:/resource/org.gecko.emf.osgi.example.model.extended/src-gen/org/gecko/emf/osgi/example/model/extended/util/ExtendedResourceImpl.java
[INFO] sanatized uri resource://org.gecko.emf.osgi.example.model.extended/src-gen/org/gecko/emf/osgi/example/model/extended/util/ExtendedResourceImpl.java
[INFO] bsn according to URIorg.gecko.emf.osgi.example.model.extended
[INFO] The bsn segment part fits to: org.gecko.emf.osgi.example.model.extended
[INFO] subtask Preparing new /org.gecko.emf.osgi.example.model.extended/src-gen/org/gecko/emf/osgi/example/model/extended/util/ExtendedResourceImpl.java
[INFO] Asked to handle platform:/resource/org.gecko.emf.osgi.example.model.extended/src-gen/org/gecko/emf/osgi/example/model/extended/util/ExtendedResourceImpl.java
[INFO] Asked to open OutputStream for platform:/resource/org.gecko.emf.osgi.example.model.extended/src-gen/org/gecko/emf/osgi/example/model/extended/util/ExtendedResourceImpl.java
[INFO] Sanatized resource://org.gecko.emf.osgi.example.model.extended/src-gen/org/gecko/emf/osgi/example/model/extended/util/ExtendedResourceImpl.java
[INFO] Opening file /opt/git/org.geckoprojects.emf/org.gecko.emf.osgi.example.model.extended/src-gen/org/gecko/emf/osgi/example/model/extended/util/ExtendedResourceImpl.java
[INFO] subtask Generating OSGi configuration component for package 'extended'
[INFO] subtask Generating /org.gecko.emf.osgi.example.model.extended/src-gen/org/gecko/emf/osgi/example/model/extended/configuration/ExtendedConfigurationComponent.java
[INFO] internaly worked 1.0 on null
[INFO] subtask 
[INFO] Asked to handle platform:/resource/org.gecko.emf.osgi.example.model.extended/src-gen/org/gecko/emf/osgi/example/model/extended/configuration/ExtendedConfigurationComponent.java
[INFO] Asked if exists platform:/resource/org.gecko.emf.osgi.example.model.extended/src-gen/org/gecko/emf/osgi/example/model/extended/configuration/ExtendedConfigurationComponent.java
[INFO] Sanatized platform:/resource/org.gecko.emf.osgi.example.model.extended/src-gen/org/gecko/emf/osgi/example/model/extended/configuration/ExtendedConfigurationComponent.java
[INFO] Asked to handle platform:/resource/org.gecko.emf.osgi.example.model.extended/src-gen/org/gecko/emf/osgi/example/model/extended/configuration/ExtendedConfigurationComponent.java
[INFO] Asked to open InputStream for platform:/resource/org.gecko.emf.osgi.example.model.extended/src-gen/org/gecko/emf/osgi/example/model/extended/configuration/ExtendedConfigurationComponent.java
[INFO] sanatized uri resource://org.gecko.emf.osgi.example.model.extended/src-gen/org/gecko/emf/osgi/example/model/extended/configuration/ExtendedConfigurationComponent.java
[INFO] bsn according to URIorg.gecko.emf.osgi.example.model.extended
[INFO] The bsn segment part fits to: org.gecko.emf.osgi.example.model.extended
[INFO] subtask Preparing new /org.gecko.emf.osgi.example.model.extended/src-gen/org/gecko/emf/osgi/example/model/extended/configuration/ExtendedConfigurationComponent.java
[INFO] Asked to handle platform:/resource/org.gecko.emf.osgi.example.model.extended/src-gen/org/gecko/emf/osgi/example/model/extended/configuration/ExtendedConfigurationComponent.java
[INFO] Asked to open OutputStream for platform:/resource/org.gecko.emf.osgi.example.model.extended/src-gen/org/gecko/emf/osgi/example/model/extended/configuration/ExtendedConfigurationComponent.java
[INFO] Sanatized resource://org.gecko.emf.osgi.example.model.extended/src-gen/org/gecko/emf/osgi/example/model/extended/configuration/ExtendedConfigurationComponent.java
[INFO] Opening file /opt/git/org.geckoprojects.emf/org.gecko.emf.osgi.example.model.extended/src-gen/org/gecko/emf/osgi/example/model/extended/configuration/ExtendedConfigurationComponent.java
[INFO] subtask Generating package info for package 'extended'
[INFO] subtask Generating /org.gecko.emf.osgi.example.model.extended/src-gen/org/gecko/emf/osgi/example/model/extended/package-info.java
[INFO] internaly worked 1.0 on null
[INFO] subtask 
[INFO] Asked to handle platform:/resource/org.gecko.emf.osgi.example.model.extended/src-gen/org/gecko/emf/osgi/example/model/extended/package-info.java
[INFO] Asked if exists platform:/resource/org.gecko.emf.osgi.example.model.extended/src-gen/org/gecko/emf/osgi/example/model/extended/package-info.java
[INFO] Sanatized platform:/resource/org.gecko.emf.osgi.example.model.extended/src-gen/org/gecko/emf/osgi/example/model/extended/package-info.java
[INFO] Asked to handle platform:/resource/org.gecko.emf.osgi.example.model.extended/src-gen/org/gecko/emf/osgi/example/model/extended/package-info.java
[INFO] Asked to open InputStream for platform:/resource/org.gecko.emf.osgi.example.model.extended/src-gen/org/gecko/emf/osgi/example/model/extended/package-info.java
[INFO] sanatized uri resource://org.gecko.emf.osgi.example.model.extended/src-gen/org/gecko/emf/osgi/example/model/extended/package-info.java
[INFO] bsn according to URIorg.gecko.emf.osgi.example.model.extended
[INFO] The bsn segment part fits to: org.gecko.emf.osgi.example.model.extended
[INFO] subtask Preparing new /org.gecko.emf.osgi.example.model.extended/src-gen/org/gecko/emf/osgi/example/model/extended/package-info.java
[INFO] Asked to handle platform:/resource/org.gecko.emf.osgi.example.model.extended/src-gen/org/gecko/emf/osgi/example/model/extended/package-info.java
[INFO] Asked to open OutputStream for platform:/resource/org.gecko.emf.osgi.example.model.extended/src-gen/org/gecko/emf/osgi/example/model/extended/package-info.java
[INFO] Sanatized resource://org.gecko.emf.osgi.example.model.extended/src-gen/org/gecko/emf/osgi/example/model/extended/package-info.java
[INFO] Opening file /opt/git/org.geckoprojects.emf/org.gecko.emf.osgi.example.model.extended/src-gen/org/gecko/emf/osgi/example/model/extended/package-info.java
[INFO] subtask Generating /org.gecko.emf.osgi.example.model.extended/src-gen/org/gecko/emf/osgi/example/model/extended/util/package-info.java
[INFO] internaly worked 1.0 on null
[INFO] subtask 
[INFO] Asked to handle platform:/resource/org.gecko.emf.osgi.example.model.extended/src-gen/org/gecko/emf/osgi/example/model/extended/util/package-info.java
[INFO] Asked if exists platform:/resource/org.gecko.emf.osgi.example.model.extended/src-gen/org/gecko/emf/osgi/example/model/extended/util/package-info.java
[INFO] Sanatized platform:/resource/org.gecko.emf.osgi.example.model.extended/src-gen/org/gecko/emf/osgi/example/model/extended/util/package-info.java
[INFO] Asked to handle platform:/resource/org.gecko.emf.osgi.example.model.extended/src-gen/org/gecko/emf/osgi/example/model/extended/util/package-info.java
[INFO] Asked to open InputStream for platform:/resource/org.gecko.emf.osgi.example.model.extended/src-gen/org/gecko/emf/osgi/example/model/extended/util/package-info.java
[INFO] sanatized uri resource://org.gecko.emf.osgi.example.model.extended/src-gen/org/gecko/emf/osgi/example/model/extended/util/package-info.java
[INFO] bsn according to URIorg.gecko.emf.osgi.example.model.extended
[INFO] The bsn segment part fits to: org.gecko.emf.osgi.example.model.extended
[INFO] subtask Preparing new /org.gecko.emf.osgi.example.model.extended/src-gen/org/gecko/emf/osgi/example/model/extended/util/package-info.java
[INFO] Asked to handle platform:/resource/org.gecko.emf.osgi.example.model.extended/src-gen/org/gecko/emf/osgi/example/model/extended/util/package-info.java
[INFO] Asked to open OutputStream for platform:/resource/org.gecko.emf.osgi.example.model.extended/src-gen/org/gecko/emf/osgi/example/model/extended/util/package-info.java
[INFO] Sanatized resource://org.gecko.emf.osgi.example.model.extended/src-gen/org/gecko/emf/osgi/example/model/extended/util/package-info.java
[INFO] Opening file /opt/git/org.geckoprojects.emf/org.gecko.emf.osgi.example.model.extended/src-gen/org/gecko/emf/osgi/example/model/extended/util/package-info.java
[INFO] subtask Generating /org.gecko.emf.osgi.example.model.extended/src-gen/org/gecko/emf/osgi/example/model/extended/impl/package-info.java
[INFO] internaly worked 1.0 on null
[INFO] subtask 
[INFO] Asked to handle platform:/resource/org.gecko.emf.osgi.example.model.extended/src-gen/org/gecko/emf/osgi/example/model/extended/impl/package-info.java
[INFO] Asked if exists platform:/resource/org.gecko.emf.osgi.example.model.extended/src-gen/org/gecko/emf/osgi/example/model/extended/impl/package-info.java
[INFO] Sanatized platform:/resource/org.gecko.emf.osgi.example.model.extended/src-gen/org/gecko/emf/osgi/example/model/extended/impl/package-info.java
[INFO] Asked to handle platform:/resource/org.gecko.emf.osgi.example.model.extended/src-gen/org/gecko/emf/osgi/example/model/extended/impl/package-info.java
[INFO] Asked to open InputStream for platform:/resource/org.gecko.emf.osgi.example.model.extended/src-gen/org/gecko/emf/osgi/example/model/extended/impl/package-info.java
[INFO] sanatized uri resource://org.gecko.emf.osgi.example.model.extended/src-gen/org/gecko/emf/osgi/example/model/extended/impl/package-info.java
[INFO] bsn according to URIorg.gecko.emf.osgi.example.model.extended
[INFO] The bsn segment part fits to: org.gecko.emf.osgi.example.model.extended
[INFO] subtask Preparing new /org.gecko.emf.osgi.example.model.extended/src-gen/org/gecko/emf/osgi/example/model/extended/impl/package-info.java
[INFO] Asked to handle platform:/resource/org.gecko.emf.osgi.example.model.extended/src-gen/org/gecko/emf/osgi/example/model/extended/impl/package-info.java
[INFO] Asked to open OutputStream for platform:/resource/org.gecko.emf.osgi.example.model.extended/src-gen/org/gecko/emf/osgi/example/model/extended/impl/package-info.java
[INFO] Sanatized resource://org.gecko.emf.osgi.example.model.extended/src-gen/org/gecko/emf/osgi/example/model/extended/impl/package-info.java
[INFO] Opening file /opt/git/org.geckoprojects.emf/org.gecko.emf.osgi.example.model.extended/src-gen/org/gecko/emf/osgi/example/model/extended/impl/package-info.java
[INFO] subtask Generating Address
[INFO] internaly worked 1.0 on null
[INFO] subtask 
[INFO] subtask Generating Java interface org.gecko.emf.osgi.example.model.extended.ExtendedAddress
[INFO] subtask Generating /org.gecko.emf.osgi.example.model.extended/src-gen/org/gecko/emf/osgi/example/model/extended/ExtendedAddress.java
[INFO] internaly worked 1.0 on null
[INFO] subtask 
[INFO] Asked to handle platform:/resource/org.gecko.emf.osgi.example.model.extended/src-gen/org/gecko/emf/osgi/example/model/extended/ExtendedAddress.java
[INFO] Asked if exists platform:/resource/org.gecko.emf.osgi.example.model.extended/src-gen/org/gecko/emf/osgi/example/model/extended/ExtendedAddress.java
[INFO] Sanatized platform:/resource/org.gecko.emf.osgi.example.model.extended/src-gen/org/gecko/emf/osgi/example/model/extended/ExtendedAddress.java
[INFO] Asked to handle platform:/resource/org.gecko.emf.osgi.example.model.extended/src-gen/org/gecko/emf/osgi/example/model/extended/ExtendedAddress.java
[INFO] Asked to open InputStream for platform:/resource/org.gecko.emf.osgi.example.model.extended/src-gen/org/gecko/emf/osgi/example/model/extended/ExtendedAddress.java
[INFO] sanatized uri resource://org.gecko.emf.osgi.example.model.extended/src-gen/org/gecko/emf/osgi/example/model/extended/ExtendedAddress.java
[INFO] bsn according to URIorg.gecko.emf.osgi.example.model.extended
[INFO] The bsn segment part fits to: org.gecko.emf.osgi.example.model.extended
[INFO] subtask Preparing new /org.gecko.emf.osgi.example.model.extended/src-gen/org/gecko/emf/osgi/example/model/extended/ExtendedAddress.java
[INFO] Asked to handle platform:/resource/org.gecko.emf.osgi.example.model.extended/src-gen/org/gecko/emf/osgi/example/model/extended/ExtendedAddress.java
[INFO] Asked to open OutputStream for platform:/resource/org.gecko.emf.osgi.example.model.extended/src-gen/org/gecko/emf/osgi/example/model/extended/ExtendedAddress.java
[INFO] Sanatized resource://org.gecko.emf.osgi.example.model.extended/src-gen/org/gecko/emf/osgi/example/model/extended/ExtendedAddress.java
[INFO] Opening file /opt/git/org.geckoprojects.emf/org.gecko.emf.osgi.example.model.extended/src-gen/org/gecko/emf/osgi/example/model/extended/ExtendedAddress.java
[INFO] subtask Generating Java class org.gecko.emf.osgi.example.model.extended.impl.ExtendedAddressImpl
[INFO] subtask Generating /org.gecko.emf.osgi.example.model.extended/src-gen/org/gecko/emf/osgi/example/model/extended/impl/ExtendedAddressImpl.java
[INFO] internaly worked 1.0 on null
[INFO] subtask 
[INFO] Asked to handle platform:/resource/org.gecko.emf.osgi.example.model.extended/src-gen/org/gecko/emf/osgi/example/model/extended/impl/ExtendedAddressImpl.java
[INFO] Asked if exists platform:/resource/org.gecko.emf.osgi.example.model.extended/src-gen/org/gecko/emf/osgi/example/model/extended/impl/ExtendedAddressImpl.java
[INFO] Sanatized platform:/resource/org.gecko.emf.osgi.example.model.extended/src-gen/org/gecko/emf/osgi/example/model/extended/impl/ExtendedAddressImpl.java
[INFO] Asked to handle platform:/resource/org.gecko.emf.osgi.example.model.extended/src-gen/org/gecko/emf/osgi/example/model/extended/impl/ExtendedAddressImpl.java
[INFO] Asked to open InputStream for platform:/resource/org.gecko.emf.osgi.example.model.extended/src-gen/org/gecko/emf/osgi/example/model/extended/impl/ExtendedAddressImpl.java
[INFO] sanatized uri resource://org.gecko.emf.osgi.example.model.extended/src-gen/org/gecko/emf/osgi/example/model/extended/impl/ExtendedAddressImpl.java
[INFO] bsn according to URIorg.gecko.emf.osgi.example.model.extended
[INFO] The bsn segment part fits to: org.gecko.emf.osgi.example.model.extended
[INFO] subtask Preparing new /org.gecko.emf.osgi.example.model.extended/src-gen/org/gecko/emf/osgi/example/model/extended/impl/ExtendedAddressImpl.java
[INFO] Asked to handle platform:/resource/org.gecko.emf.osgi.example.model.extended/src-gen/org/gecko/emf/osgi/example/model/extended/impl/ExtendedAddressImpl.java
[INFO] Asked to open OutputStream for platform:/resource/org.gecko.emf.osgi.example.model.extended/src-gen/org/gecko/emf/osgi/example/model/extended/impl/ExtendedAddressImpl.java
[INFO] Sanatized resource://org.gecko.emf.osgi.example.model.extended/src-gen/org/gecko/emf/osgi/example/model/extended/impl/ExtendedAddressImpl.java
[INFO] Opening file /opt/git/org.geckoprojects.emf/org.gecko.emf.osgi.example.model.extended/src-gen/org/gecko/emf/osgi/example/model/extended/impl/ExtendedAddressImpl.java
[INFO] subtask Generating Person
[INFO] internaly worked 1.0 on null
[INFO] subtask 
[INFO] subtask Generating Java interface org.gecko.emf.osgi.example.model.extended.ExtendedPerson
[INFO] subtask Generating /org.gecko.emf.osgi.example.model.extended/src-gen/org/gecko/emf/osgi/example/model/extended/ExtendedPerson.java
[INFO] internaly worked 1.0 on null
[INFO] subtask 
[INFO] Asked to handle platform:/resource/org.gecko.emf.osgi.example.model.extended/src-gen/org/gecko/emf/osgi/example/model/extended/ExtendedPerson.java
[INFO] Asked if exists platform:/resource/org.gecko.emf.osgi.example.model.extended/src-gen/org/gecko/emf/osgi/example/model/extended/ExtendedPerson.java
[INFO] Sanatized platform:/resource/org.gecko.emf.osgi.example.model.extended/src-gen/org/gecko/emf/osgi/example/model/extended/ExtendedPerson.java
[INFO] Asked to handle platform:/resource/org.gecko.emf.osgi.example.model.extended/src-gen/org/gecko/emf/osgi/example/model/extended/ExtendedPerson.java
[INFO] Asked to open InputStream for platform:/resource/org.gecko.emf.osgi.example.model.extended/src-gen/org/gecko/emf/osgi/example/model/extended/ExtendedPerson.java
[INFO] sanatized uri resource://org.gecko.emf.osgi.example.model.extended/src-gen/org/gecko/emf/osgi/example/model/extended/ExtendedPerson.java
[INFO] bsn according to URIorg.gecko.emf.osgi.example.model.extended
[INFO] The bsn segment part fits to: org.gecko.emf.osgi.example.model.extended
[INFO] subtask Preparing new /org.gecko.emf.osgi.example.model.extended/src-gen/org/gecko/emf/osgi/example/model/extended/ExtendedPerson.java
[INFO] Asked to handle platform:/resource/org.gecko.emf.osgi.example.model.extended/src-gen/org/gecko/emf/osgi/example/model/extended/ExtendedPerson.java
[INFO] Asked to open OutputStream for platform:/resource/org.gecko.emf.osgi.example.model.extended/src-gen/org/gecko/emf/osgi/example/model/extended/ExtendedPerson.java
[INFO] Sanatized resource://org.gecko.emf.osgi.example.model.extended/src-gen/org/gecko/emf/osgi/example/model/extended/ExtendedPerson.java
[INFO] Opening file /opt/git/org.geckoprojects.emf/org.gecko.emf.osgi.example.model.extended/src-gen/org/gecko/emf/osgi/example/model/extended/ExtendedPerson.java
[INFO] subtask Generating Java class org.gecko.emf.osgi.example.model.extended.impl.ExtendedPersonImpl
[INFO] subtask Generating /org.gecko.emf.osgi.example.model.extended/src-gen/org/gecko/emf/osgi/example/model/extended/impl/ExtendedPersonImpl.java
[INFO] internaly worked 1.0 on null
[INFO] subtask 
[INFO] Asked to handle platform:/resource/org.gecko.emf.osgi.example.model.extended/src-gen/org/gecko/emf/osgi/example/model/extended/impl/ExtendedPersonImpl.java
[INFO] Asked if exists platform:/resource/org.gecko.emf.osgi.example.model.extended/src-gen/org/gecko/emf/osgi/example/model/extended/impl/ExtendedPersonImpl.java
[INFO] Sanatized platform:/resource/org.gecko.emf.osgi.example.model.extended/src-gen/org/gecko/emf/osgi/example/model/extended/impl/ExtendedPersonImpl.java
[INFO] Asked to handle platform:/resource/org.gecko.emf.osgi.example.model.extended/src-gen/org/gecko/emf/osgi/example/model/extended/impl/ExtendedPersonImpl.java
[INFO] Asked to open InputStream for platform:/resource/org.gecko.emf.osgi.example.model.extended/src-gen/org/gecko/emf/osgi/example/model/extended/impl/ExtendedPersonImpl.java
[INFO] sanatized uri resource://org.gecko.emf.osgi.example.model.extended/src-gen/org/gecko/emf/osgi/example/model/extended/impl/ExtendedPersonImpl.java
[INFO] bsn according to URIorg.gecko.emf.osgi.example.model.extended
[INFO] The bsn segment part fits to: org.gecko.emf.osgi.example.model.extended
[INFO] subtask Preparing new /org.gecko.emf.osgi.example.model.extended/src-gen/org/gecko/emf/osgi/example/model/extended/impl/ExtendedPersonImpl.java
[INFO] Asked to handle platform:/resource/org.gecko.emf.osgi.example.model.extended/src-gen/org/gecko/emf/osgi/example/model/extended/impl/ExtendedPersonImpl.java
[INFO] Asked to open OutputStream for platform:/resource/org.gecko.emf.osgi.example.model.extended/src-gen/org/gecko/emf/osgi/example/model/extended/impl/ExtendedPersonImpl.java
[INFO] Sanatized resource://org.gecko.emf.osgi.example.model.extended/src-gen/org/gecko/emf/osgi/example/model/extended/impl/ExtendedPersonImpl.java
[INFO] Opening file /opt/git/org.geckoprojects.emf/org.gecko.emf.osgi.example.model.extended/src-gen/org/gecko/emf/osgi/example/model/extended/impl/ExtendedPersonImpl.java
[INFO] Generating code - org.eclipse.emf.codegen.ecore
[INFO]   OK - org.eclipse.emf.common
[INFO]   OK - org.eclipse.emf.common
[INFO]   OK - org.eclipse.emf.common
[INFO]   OK - org.eclipse.emf.common
[INFO]   OK - org.eclipse.emf.common
[INFO]   OK - org.eclipse.emf.common
[INFO]   OK - org.eclipse.emf.common
[INFO]   OK - org.eclipse.emf.common
[INFO]   OK - org.eclipse.emf.common
[INFO]   OK - org.eclipse.emf.common
[INFO]   OK - org.eclipse.emf.common
[INFO]   OK - org.eclipse.emf.common
